2020-03-13 22:03:43 INFO  [main]: Caramel candy created
2020-03-13 22:03:43 INFO  [main]: Caramel candy created
2020-03-13 22:03:43 INFO  [main]: Jelly candy created
2020-03-13 22:03:43 INFO  [main]: Jelly candy created
2020-03-13 22:03:43 INFO  [main]: Chocolate candy created
2020-03-13 22:03:43 INFO  [main]: Chocolate candy created
2020-03-13 22:03:43 ERROR [main]: The gift is empty
2020-03-13 22:03:43 INFO  [main]: Caramel candy created
2020-03-13 22:03:43 INFO  [main]: Caramel candy created
2020-03-13 22:03:43 INFO  [main]: Jelly candy created
2020-03-13 22:03:43 INFO  [main]: Jelly candy created
2020-03-13 22:03:43 INFO  [main]: Chocolate candy created
2020-03-13 22:03:43 INFO  [main]: Chocolate candy created
2020-03-13 22:03:43 INFO  [main]: Candy successfully added to gift
2020-03-13 22:03:43 INFO  [main]: Caramel candy created
2020-03-13 22:03:43 INFO  [main]: Caramel candy created
2020-03-13 22:03:43 INFO  [main]: Jelly candy created
2020-03-13 22:03:43 INFO  [main]: Jelly candy created
2020-03-13 22:03:43 INFO  [main]: Chocolate candy created
2020-03-13 22:03:43 INFO  [main]: Chocolate candy created
2020-03-13 22:03:43 INFO  [main]: Candy successfully added to gift
2020-03-13 22:03:43 INFO  [main]: Candy successfully added to gift
2020-03-13 22:03:43 INFO  [main]: Candy successfully added to gift
2020-03-13 22:03:43 INFO  [main]: Candy successfully added to gift
2020-03-13 22:03:43 INFO  [main]: Candy successfully added to gift
2020-03-13 22:03:43 INFO  [main]: Candy successfully added to gift
2020-03-13 22:03:43 INFO  [main]: Caramel candy created
2020-03-13 22:03:43 INFO  [main]: Caramel candy created
2020-03-13 22:03:43 INFO  [main]: Jelly candy created
2020-03-13 22:03:43 INFO  [main]: Jelly candy created
2020-03-13 22:03:43 INFO  [main]: Chocolate candy created
2020-03-13 22:03:43 INFO  [main]: Chocolate candy created
2020-03-13 22:03:43 INFO  [main]: Candy successfully added to gift
2020-03-13 22:03:43 INFO  [main]: Candy successfully added to gift
2020-03-13 22:03:43 INFO  [main]: Caramel candy created
2020-03-13 22:03:43 INFO  [main]: Caramel candy created
2020-03-13 22:03:43 INFO  [main]: Jelly candy created
2020-03-13 22:03:43 INFO  [main]: Jelly candy created
2020-03-13 22:03:43 INFO  [main]: Chocolate candy created
2020-03-13 22:03:43 INFO  [main]: Chocolate candy created
2020-03-13 22:03:43 INFO  [main]: Candy successfully added to gift
2020-03-13 22:03:43 INFO  [main]: Candy successfully added to gift
2020-03-13 22:03:43 INFO  [main]: Candy successfully added to gift
2020-03-13 22:03:43 INFO  [main]: Candy successfully added to gift
2020-03-13 22:03:43 INFO  [main]: Candy successfully added to gift
2020-03-13 22:03:43 INFO  [main]: Candy successfully added to gift
2020-03-13 22:03:43 INFO  [main]: Candies in a gift sorted successfully
2020-03-13 22:03:43 INFO  [main]: Caramel candy created
2020-03-13 22:03:43 INFO  [main]: Caramel candy created
2020-03-13 22:03:43 INFO  [main]: Jelly candy created
2020-03-13 22:03:43 INFO  [main]: Jelly candy created
2020-03-13 22:03:43 INFO  [main]: Chocolate candy created
2020-03-13 22:03:43 INFO  [main]: Chocolate candy created
2020-03-13 22:03:43 INFO  [main]: Candy successfully added to gift
2020-03-13 22:03:43 INFO  [main]: Candy successfully added to gift
2020-03-13 22:03:43 INFO  [main]: Candy successfully added to gift
2020-03-13 22:03:43 INFO  [main]: Candy successfully added to gift
2020-03-13 22:03:43 INFO  [main]: Candy successfully added to gift
2020-03-13 22:03:43 INFO  [main]: Candy successfully added to gift
2020-03-13 22:03:43 INFO  [main]: Candies in a gift sorted successfully
2020-03-13 22:03:43 INFO  [main]: Caramel candy created
2020-03-13 22:03:43 INFO  [main]: Caramel candy created
2020-03-13 22:03:43 INFO  [main]: Jelly candy created
2020-03-13 22:03:43 INFO  [main]: Jelly candy created
2020-03-13 22:03:43 INFO  [main]: Chocolate candy created
2020-03-13 22:03:43 INFO  [main]: Chocolate candy created
